Using pre-set license
Built from '2020.3/staging' branch; Version is '2020.3.48f1 (b805b124c6b7) revision 12060081'; Using compiler version '192528614'; Build Type 'Release'
OS: 'Windows 10  (10.0.19045) 64bit Professional' Language: 'es' Physical Memory: 8051 MB
BatchMode: 1, IsHumanControllingUs: 0, StartBugReporterOnCrash: 0, Is64bit: 1, IsPro: 0

COMMAND LINE ARGUMENTS:
C:\Program Files\Unity\Hub\Editor\2020.3.48f1\Editor\Unity.exe
-adb2
-batchMode
-noUpm
-name
AssetImportWorker0
-projectPath
D:/ISI - UNIVALLE/SEMESTRE_10/Realidad A/Game Jam/Delivery_Disaster
-logFile
Logs/AssetImportWorker0.log
-srvPort
54953
Successfully changed project path to: D:/ISI - UNIVALLE/SEMESTRE_10/Realidad A/Game Jam/Delivery_Disaster
D:/ISI - UNIVALLE/SEMESTRE_10/Realidad A/Game Jam/Delivery_Disaster
Using Asset Import Pipeline V2.
Player connection [15900] Host "[IP] 192.168.1.10 [Port] 1073959712 [Flags] 2 [Guid] 2002188031 [EditorId] 2002188031 [Version] 1048832 [Id] WindowsEditor(7,luwiPC) [Debug] 1 [PackageName] WindowsEditor [ProjectName] Editor" joined multi-casting on [225.0.0.222:54997]...

Player connection [15900] Host "[IP] 192.168.1.10 [Port] 1073959712 [Flags] 2 [Guid] 2002188031 [EditorId] 2002188031 [Version] 1048832 [Id] WindowsEditor(7,luwiPC) [Debug] 1 [PackageName] WindowsEditor [ProjectName] Editor" joined alternative multi-casting on [225.0.0.222:34997]...

Refreshing native plugins compatible for Editor in 13623.96 ms, found 2 plugins.
Preloading 0 native plugins for Editor in 0.00 ms.
Initialize engine version: 2020.3.48f1 (b805b124c6b7)
[Subsystems] Discovering subsystems at path C:/Program Files/Unity/Hub/Editor/2020.3.48f1/Editor/Data/Resources/UnitySubsystems
[Subsystems] Discovering subsystems at path D:/ISI - UNIVALLE/SEMESTRE_10/Realidad A/Game Jam/Delivery_Disaster/Assets
GfxDevice: creating device client; threaded=0
Direct3D:
    Version:  Direct3D 11.0 [level 11.1]
    Renderer: Intel(R) HD Graphics 520 (ID=0x1916)
    Vendor:   
    VRAM:     4025 MB
    Driver:   20.19.15.4474
